<?xml version="1.0" encoding="UTF-8"?>
<!-- Generated by org.testng.reporters.JUnitReportReporter -->
<testsuite skipped="0" hostname="IN1158031W1" name="sampleGittest.sampleGittest" tests="1" failures="0" timestamp="16 Jun 2018 05:22:56 GMT" time="9.263" errors="0">
  <testcase name="logintest" time="9.263" classname="sampleGittest.sampleGittest"/>
</testsuite> <!-- sampleGittest.sampleGittest -->
